build/outputs/logs/manifest-merger-release-report.txt
-- Merging decision tree log ---
manifest
ADDED from src\main\AndroidManifest.xml:2:1-113:12
	package
		ADDED from src\main\AndroidManifest.xml:3:5-27
		INJECTED from src\main\AndroidManifest.xml
		INJECTED from src\main\AndroidManifest.xml
	android:versionName
		ADDED from src\main\AndroidManifest.xml:5:5-30
		INJECTED from src\main\AndroidManifest.xml
		INJECTED from src\main\AndroidManifest.xml
	android:versionCode
		ADDED from src\main\AndroidManifest.xml:4:5-28
		INJECTED from src\main\AndroidManifest.xml
		INJECTED from src\main\AndroidManifest.xml
	xmlns:android
		ADDED from src\main\AndroidManifest.xml:2:11-69
uses-sdk
ADDED from src\main\AndroidManifest.xml:7:5-9:41
MERGED from [com.android.support:design:23.1.1] AndroidManifest.xml:20:5-43
MERGED from [com.android.support:appcompat-v7:23.1.1] AndroidManifest.xml:20:5-43
MERGED from [com.android.support:cardview-v7:23.1.1] AndroidManifest.xml:20:5-43
MERGED from [com.android.support:recyclerview-v7:23.1.1] AndroidManifest.xml:20:5-43
MERGED from [com.google.android.gms:play-services-location:8.4.0] AndroidManifest.xml:18:5-42
MERGED from [com.google.android.gms:play-services-maps:8.4.0] AndroidManifest.xml:26:5-42
MERGED from [com.google.android.gms:play-services-base:8.4.0] AndroidManifest.xml:18:5-42
MERGED from [com.google.android.gms:play-services-basement:8.4.0] AndroidManifest.xml:18:5-42
MERGED from [com.android.support:support-v4:23.1.1] AndroidManifest.xml:20:5-43
MERGED from [com.android.support.constraint:constraint-layout:1.0.2] AndroidManifest.xml:5:5-7:41
	android:targetSdkVersion
		ADDED from src\main\AndroidManifest.xml:9:9-38
		INJECTED from src\main\AndroidManifest.xml
		INJECTED from src\main\AndroidManifest.xml
	android:minSdkVersion
		ADDED from src\main\AndroidManifest.xml:8:9-34
		INJECTED from src\main\AndroidManifest.xml
		INJECTED from src\main\AndroidManifest.xml
uses-permission#android.permission.ACCESS_NETWORK_STATE
ADDED from src\main\AndroidManifest.xml:11:5-79
MERGED from [com.google.android.gms:play-services-maps:8.4.0] AndroidManifest.xml:20:5-78
	android:name
		ADDED from src\main\AndroidManifest.xml:11:22-76
uses-permission#android.permission.ACCESS_COARSE_LOCATION
ADDED from src\main\AndroidManifest.xml:12:5-81
	android:name
		ADDED from src\main\AndroidManifest.xml:12:22-78
uses-permission#android.permission.ACCESS_FINE_LOCATION
ADDED from src\main\AndroidManifest.xml:13:5-79
	android:name
		ADDED from src\main\AndroidManifest.xml:13:22-76
uses-permission#android.permission.INTERNET
ADDED from src\main\AndroidManifest.xml:14:5-67
MERGED from [com.google.android.gms:play-services-maps:8.4.0] AndroidManifest.xml:21:5-66
	android:name
		ADDED from src\main\AndroidManifest.xml:14:22-64
uses-permission#android.permission.WRITE_EXTERNAL_STORAGE
ADDED from src\main\AndroidManifest.xml:15:5-81
	android:name
		ADDED from src\main\AndroidManifest.xml:15:22-78
uses-permission#android.permission.WRITE_SYNC_SETTINGS
ADDED from src\main\AndroidManifest.xml:16:5-78
	android:name
		ADDED from src\main\AndroidManifest.xml:16:22-75
uses-permission#android.permission.WAKE_LOCK
ADDED from src\main\AndroidManifest.xml:17:5-68
	android:name
		ADDED from src\main\AndroidManifest.xml:17:22-65
uses-permission#android.permission.READ_PHONE_STATE
ADDED from src\main\AndroidManifest.xml:18:5-75
	android:name
		ADDED from src\main\AndroidManifest.xml:18:22-72
uses-permission#android.permission.READ_EXTERNAL_STORAGE
ADDED from src\main\AndroidManifest.xml:19:5-80
	android:name
		ADDED from src\main\AndroidManifest.xml:19:22-77
uses-permission#android.permission.CALL_PHONE
ADDED from src\main\AndroidManifest.xml:20:5-69
	android:name
		ADDED from src\main\AndroidManifest.xml:20:22-66
uses-permission#android.permission.CAMERA
ADDED from src\main\AndroidManifest.xml:21:5-65
	android:name
		ADDED from src\main\AndroidManifest.xml:21:22-62
uses-permission#android.permission.SYSTEM_ALERT_WINDOW
ADDED from src\main\AndroidManifest.xml:22:5-78
	android:name
		ADDED from src\main\AndroidManifest.xml:22:22-75
uses-permission#android.permission.GET_ACCOUNTS
ADDED from src\main\AndroidManifest.xml:23:5-71
	android:name
		ADDED from src\main\AndroidManifest.xml:23:22-68
uses-feature#android.hardware.camera
ADDED from src\main\AndroidManifest.xml:25:5-60
	android:name
		ADDED from src\main\AndroidManifest.xml:25:19-57
uses-feature#android.hardware.camera.autofocus
ADDED from src\main\AndroidManifest.xml:26:5-70
	android:name
		ADDED from src\main\AndroidManifest.xml:26:19-67
application
ADDED from src\main\AndroidManifest.xml:28:5-111:19
MERGED from [com.android.support:design:23.1.1] AndroidManifest.xml:22:5-20
MERGED from [com.android.support:appcompat-v7:23.1.1] AndroidManifest.xml:22:5-20
MERGED from [com.android.support:cardview-v7:23.1.1] AndroidManifest.xml:22:5-20
MERGED from [com.google.android.gms:play-services-location:8.4.0] AndroidManifest.xml:19:5-20
MERGED from [com.google.android.gms:play-services-maps:8.4.0] AndroidManifest.xml:27:5-20
MERGED from [com.google.android.gms:play-services-basement:8.4.0] AndroidManifest.xml:20:5-24:19
MERGED from [com.android.support:support-v4:23.1.1] AndroidManifest.xml:22:5-20
MERGED from [com.android.support.constraint:constraint-layout:1.0.2] AndroidManifest.xml:9:5-20
	android:label
		ADDED from src\main\AndroidManifest.xml:31:9-41
	android:allowBackup
		ADDED from src\main\AndroidManifest.xml:29:9-35
	android:icon
		ADDED from src\main\AndroidManifest.xml:30:9-51
	android:theme
		ADDED from src\main\AndroidManifest.xml:32:9-52
activity#com.cpm.voto.SplashScreenActivity
ADDED from src\main\AndroidManifest.xml:33:9-42:20
	android:screenOrientation
		ADDED from src\main\AndroidManifest.xml:36:13-49
	android:label
		ADDED from src\main\AndroidManifest.xml:35:13-45
	android:name
		ADDED from src\main\AndroidManifest.xml:34:13-49
intent-filter#android.intent.action.MAIN+android.intent.category.LAUNCHER
ADDED from src\main\AndroidManifest.xml:37:13-41:29
action#android.intent.action.MAIN
ADDED from src\main\AndroidManifest.xml:38:17-69
	android:name
		ADDED from src\main\AndroidManifest.xml:38:25-66
category#android.intent.category.LAUNCHER
ADDED from src\main\AndroidManifest.xml:40:17-77
	android:name
		ADDED from src\main\AndroidManifest.xml:40:27-74
activity#com.cpm.autoupdate.AutoupdateActivity
ADDED from src\main\AndroidManifest.xml:43:9-45:52
	android:screenOrientation
		ADDED from src\main\AndroidManifest.xml:45:13-49
	android:name
		ADDED from src\main\AndroidManifest.xml:44:13-65
activity#com.cpm.web.ShowUpdateActivity
ADDED from src\main\AndroidManifest.xml:46:9-48:52
	android:screenOrientation
		ADDED from src\main\AndroidManifest.xml:48:13-49
	android:name
		ADDED from src\main\AndroidManifest.xml:47:13-58
activity#com.cpm.download.CompleteDownloadActivity
ADDED from src\main\AndroidManifest.xml:49:9-51:52
	android:screenOrientation
		ADDED from src\main\AndroidManifest.xml:51:13-49
	android:name
		ADDED from src\main\AndroidManifest.xml:50:13-69
activity#com.cpm.dailyentry.DailyEntryScreen
ADDED from src\main\AndroidManifest.xml:52:9-57:58
	android:screenOrientation
		ADDED from src\main\AndroidManifest.xml:56:13-49
	android:label
		ADDED from src\main\AndroidManifest.xml:55:13-39
	android:windowSoftInputMode
		ADDED from src\main\AndroidManifest.xml:57:13-55
	android:configChanges
		ADDED from src\main\AndroidManifest.xml:54:13-74
	android:name
		ADDED from src\main\AndroidManifest.xml:53:13-63
activity#com.cpm.upload.UploadDataActivity
ADDED from src\main\AndroidManifest.xml:58:9-60:52
	android:screenOrientation
		ADDED from src\main\AndroidManifest.xml:60:13-49
	android:name
		ADDED from src\main\AndroidManifest.xml:59:13-61
activity#com.cpm.upload.CheckoutNUpload
ADDED from src\main\AndroidManifest.xml:61:9-63:52
	android:screenOrientation
		ADDED from src\main\AndroidManifest.xml:63:13-49
	android:name
		ADDED from src\main\AndroidManifest.xml:62:13-58
activity#com.cpm.dailyentry.NonWorkingReason
ADDED from src\main\AndroidManifest.xml:64:9-69:58
	android:screenOrientation
		ADDED from src\main\AndroidManifest.xml:68:13-49
	android:label
		ADDED from src\main\AndroidManifest.xml:67:13-39
	android:windowSoftInputMode
		ADDED from src\main\AndroidManifest.xml:69:13-55
	android:configChanges
		ADDED from src\main\AndroidManifest.xml:66:13-74
	android:name
		ADDED from src\main\AndroidManifest.xml:65:13-63
activity#com.cpm.voto.MainMenuActivity
ADDED from src\main\AndroidManifest.xml:70:9-74:59
	android:screenOrientation
		ADDED from src\main\AndroidManifest.xml:73:13-49
	android:label
		ADDED from src\main\AndroidManifest.xml:72:13-38
	android:theme
		ADDED from src\main\AndroidManifest.xml:74:13-56
	android:name
		ADDED from src\main\AndroidManifest.xml:71:13-45
activity#com.cpm.voto.LoginActivity
ADDED from src\main\AndroidManifest.xml:75:9-79:59
	android:screenOrientation
		ADDED from src\main\AndroidManifest.xml:78:13-49
	android:label
		ADDED from src\main\AndroidManifest.xml:77:13-45
	android:theme
		ADDED from src\main\AndroidManifest.xml:79:13-56
	android:name
		ADDED from src\main\AndroidManifest.xml:76:13-42
activity#com.cpm.dailyentry.AttendenceActivity
ADDED from src\main\AndroidManifest.xml:80:9-85:59
	android:screenOrientation
		ADDED from src\main\AndroidManifest.xml:84:13-49
	android:label
		ADDED from src\main\AndroidManifest.xml:83:13-62
	android:configChanges
		ADDED from src\main\AndroidManifest.xml:82:13-74
	android:theme
		ADDED from src\main\AndroidManifest.xml:85:13-56
	android:name
		ADDED from src\main\AndroidManifest.xml:81:13-65
activity#com.cpm.dailyentry.SaleEntryActivity
ADDED from src\main\AndroidManifest.xml:86:9-91:58
	android:screenOrientation
		ADDED from src\main\AndroidManifest.xml:90:13-49
	android:label
		ADDED from src\main\AndroidManifest.xml:89:13-39
	android:windowSoftInputMode
		ADDED from src\main\AndroidManifest.xml:91:13-55
	android:configChanges
		ADDED from src\main\AndroidManifest.xml:88:13-74
	android:name
		ADDED from src\main\AndroidManifest.xml:87:13-64
activity#com.cpm.dailyentry.StoreEntryActivity
ADDED from src\main\AndroidManifest.xml:92:9-74
	android:name
		ADDED from src\main\AndroidManifest.xml:92:19-71
activity#com.cpm.dailyentry.AuditActivity
ADDED from src\main\AndroidManifest.xml:93:9-98:58
	android:screenOrientation
		ADDED from src\main\AndroidManifest.xml:97:13-49
	android:label
		ADDED from src\main\AndroidManifest.xml:96:13-40
	android:windowSoftInputMode
		ADDED from src\main\AndroidManifest.xml:98:13-55
	android:configChanges
		ADDED from src\main\AndroidManifest.xml:95:13-74
	android:name
		ADDED from src\main\AndroidManifest.xml:94:13-60
activity#com.cpm.dailyentry.StockEntryActivity
ADDED from src\main\AndroidManifest.xml:99:9-104:58
	android:screenOrientation
		ADDED from src\main\AndroidManifest.xml:103:13-49
	android:label
		ADDED from src\main\AndroidManifest.xml:102:13-40
	android:windowSoftInputMode
		ADDED from src\main\AndroidManifest.xml:104:13-55
	android:configChanges
		ADDED from src\main\AndroidManifest.xml:101:13-74
	android:name
		ADDED from src\main\AndroidManifest.xml:100:13-65
activity#com.cpm.dailyentry.PerformanceActivty
ADDED from src\main\AndroidManifest.xml:105:9-110:58
	android:screenOrientation
		ADDED from src\main\AndroidManifest.xml:109:13-49
	android:label
		ADDED from src\main\AndroidManifest.xml:108:13-43
	android:windowSoftInputMode
		ADDED from src\main\AndroidManifest.xml:110:13-55
	android:configChanges
		ADDED from src\main\AndroidManifest.xml:107:13-74
	android:name
		ADDED from src\main\AndroidManifest.xml:106:13-65
uses-feature#0x00020000
ADDED from [com.google.android.gms:play-services-maps:8.4.0] AndroidManifest.xml:22:5-24:33
	android:glEsVersion
		ADDED from [com.google.android.gms:play-services-maps:8.4.0] AndroidManifest.xml:23:8-40
	android:required
		ADDED from [com.google.android.gms:play-services-maps:8.4.0] AndroidManifest.xml:24:8-31
meta-data#com.google.android.gms.version
ADDED from [com.google.android.gms:play-services-basement:8.4.0] AndroidManifest.xml:21:9-23:69
	android:value
		ADDED from [com.google.android.gms:play-services-basement:8.4.0] AndroidManifest.xml:23:13-66
	android:name
		ADDED from [com.google.android.gms:play-services-basement:8.4.0] AndroidManifest.xml:22:13-58